<?xml version="1.0" encoding="UTF-8"?>
<!-- Generated by org.testng.reporters.JUnitXMLReporter -->
<testsuite ignored="0" hostname="DESKTOP-SSHDTPK" failures="0" tests="3" name="Test" time="48.82" errors="0" timestamp="2020-01-22T14:47:21 PST">
  <testcase classname="academy.validatePage" name="basePageNavigator" time="0.186"/>
  <testcase classname="academy.HomePage" name="basePageNavigator" time="22.07"/>
  <testcase classname="academy.HomePage" name="basePageNavigator" time="10.677"/>
</testsuite> <!-- Test -->
