<?xml version="1.0" encoding="UTF-8"?>
<testsuite xmlns:xsi="http://www.w3.org/2001/XMLSchema-instance" xsi:noNamespaceSchemaLocation="https://maven.apache.org/surefire/maven-surefire-plugin/xsd/surefire-test-report-3.0.xsd" version="3.0" name="TestSuite" time="175.359" tests="1" errors="0" skipped="0" failures="1">
  <properties>
[...]
</properties>
  <testcase name="feature" classname="cucumberOptions.TestRunner" time="170.005">
    <failure message="org.openqa.selenium.NoSuchElementException: no such element: Unable to locate element: {&quot;method&quot;:&quot;xpath&quot;,&quot;selector&quot;:&quot;//input[@id =&apos;search-courses&apos;]&quot;}&#10;  (Session info: chrome=80.0.3987.132)&#10;For documentation on this error, please visit: https://www.seleniumhq.org/exceptions/no_such_element.html&#10;Build info: version: &apos;3.141.59&apos;, revision: &apos;e82be7d358&apos;, time: &apos;2018-11-14T08:17:03&apos;&#10;System info: host: &apos;DESKTOP-SSHDTPK&apos;, ip: &apos;192.168.0.113&apos;, os.name: &apos;Windows 10&apos;, os.arch: &apos;amd64&apos;, os.version: &apos;10.0&apos;, java.version: &apos;11.0.5&apos;&#10;Driver info: org.openqa.selenium.chrome.ChromeDriver&#10;Capabilities {acceptInsecureCerts: false, browserName: chrome, browserVersion: 80.0.3987.132, chrome: {chromedriverVersion: 80.0.3987.106 (f68069574609..., userDataDir: C:\Users\Shraddha\AppData\L...}, goog:chromeOptions: {debuggerAddress: localhost:49208}, javascriptEnabled: true, networkConnectionEnabled: false, pageLoadStrategy: normal, platform: WINDOWS, platformName: WINDOWS, proxy: Proxy(), setWindowRect: true, strictFileInteractability: false, timeouts: {implicit: 0, pageLoad: 300000, script: 30000}, unhandledPromptBehavior: dismiss and notify}&#10;Session ID: cef2dcbbd23eff6598ce7567322154f8&#10;*** Element info: {Using=xpath, value=//input[@id =&apos;search-courses&apos;]}" type="cucumber.runtime.CucumberException"><![CDATA[cucumber.runtime.CucumberException: 
org.openqa.selenium.NoSuchElementException: no such element: Unable to locate element: {"method":"xpath","selector":"//input[@id ='search-courses']"}
  (Session info: chrome=80.0.3987.132)
For documentation on this error, please visit: https://www.seleniumhq.org/exceptions/no_such_element.html
Build info: version: '3.141.59', revision: 'e82be7d358', time: '2018-11-14T08:17:03'
System info: host: 'DESKTOP-SSHDTPK', ip: '192.168.0.113', os.name: 'Windows 10', os.arch: 'amd64', os.version: '10.0', java.version: '11.0.5'
Driver info: org.openqa.selenium.chrome.ChromeDriver
Capabilities {acceptInsecureCerts: false, browserName: chrome, browserVersion: 80.0.3987.132, chrome: {chromedriverVersion: 80.0.3987.106 (f68069574609..., userDataDir: C:\Users\Shraddha\AppData\L...}, goog:chromeOptions: {debuggerAddress: localhost:49208}, javascriptEnabled: true, networkConnectionEnabled: false, pageLoadStrategy: normal, platform: WINDOWS, platformName: WINDOWS, proxy: Proxy(), setWindowRect: true, strictFileInteractability: false, timeouts: {implicit: 0, pageLoad: 300000, script: 30000}, unhandledPromptBehavior: dismiss and notify}
Session ID: cef2dcbbd23eff6598ce7567322154f8
*** Element info: {Using=xpath, value=//input[@id ='search-courses']}
Caused by: org.openqa.selenium.NoSuchElementException: 
no such element: Unable to locate element: {"method":"xpath","selector":"//input[@id ='search-courses']"}
  (Session info: chrome=80.0.3987.132)
For documentation on this error, please visit: https://www.seleniumhq.org/exceptions/no_such_element.html
Build info: version: '3.141.59', revision: 'e82be7d358', time: '2018-11-14T08:17:03'
System info: host: 'DESKTOP-SSHDTPK', ip: '192.168.0.113', os.name: 'Windows 10', os.arch: 'amd64', os.version: '10.0', java.version: '11.0.5'
Driver info: org.openqa.selenium.chrome.ChromeDriver
Capabilities {acceptInsecureCerts: false, browserName: chrome, browserVersion: 80.0.3987.132, chrome: {chromedriverVersion: 80.0.3987.106 (f68069574609..., userDataDir: C:\Users\Shraddha\AppData\L...}, goog:chromeOptions: {debuggerAddress: localhost:49208}, javascriptEnabled: true, networkConnectionEnabled: false, pageLoadStrategy: normal, platform: WINDOWS, platformName: WINDOWS, proxy: Proxy(), setWindowRect: true, strictFileInteractability: false, timeouts: {implicit: 0, pageLoad: 300000, script: 30000}, unhandledPromptBehavior: dismiss and notify}
Session ID: cef2dcbbd23eff6598ce7567322154f8
*** Element info: {Using=xpath, value=//input[@id ='search-courses']}
]]></failure>
    <system-out><![CDATA[chrome
chrome
]]></system-out>
    <system-err><![CDATA[Starting ChromeDriver 80.0.3987.106 (f68069574609230cf9b635cd784cfb1bf81bb53a-refs/branch-heads/3987@{#882}) on port 47491
Only local connections are allowed.
Please protect ports used by ChromeDriver and related test frameworks to prevent access by malicious code.
[1583746775.797][WARNING]: Timed out connecting to Chrome, retrying...
Mar 09, 2020 2:39:38 AM org.openqa.selenium.remote.ProtocolHandshake createSession
INFO: Detected dialect: W3C
[1583746800.134][SEVERE]: Timed out receiving message from renderer: 0.100
[1583746800.241][SEVERE]: Timed out receiving message from renderer: 0.100
[1583746800.344][SEVERE]: Timed out receiving message from renderer: 0.100
[1583746800.478][SEVERE]: Timed out receiving message from renderer: 0.100
[1583746800.610][SEVERE]: Timed out receiving message from renderer: 0.100
[1583746800.730][SEVERE]: Timed out receiving message from renderer: 0.100
[1583746800.834][SEVERE]: Timed out receiving message from renderer: 0.100
[1583746800.941][SEVERE]: Timed out receiving message from renderer: 0.100
[1583746801.094][SEVERE]: Timed out receiving message from renderer: 0.100
[1583746801.214][SEVERE]: Timed out receiving message from renderer: 0.100
[1583746801.343][SEVERE]: Timed out receiving message from renderer: 0.100
[1583746801.446][SEVERE]: Timed out receiving message from renderer: 0.100
[1583746801.566][SEVERE]: Timed out receiving message from renderer: 0.100
[1583746801.670][SEVERE]: Timed out receiving message from renderer: 0.100
[1583746801.774][SEVERE]: Timed out receiving message from renderer: 0.100
[1583746801.878][SEVERE]: Timed out receiving message from renderer: 0.100
[1583746801.982][SEVERE]: Timed out receiving message from renderer: 0.100
[1583746802.096][SEVERE]: Timed out receiving message from renderer: 0.100
[1583746802.238][SEVERE]: Timed out receiving message from renderer: 0.100
[1583746802.345][SEVERE]: Timed out receiving message from renderer: 0.100
[1583746802.453][SEVERE]: Timed out receiving message from renderer: 0.100
[1583746802.557][SEVERE]: Timed out receiving message from renderer: 0.100
[1583746802.665][SEVERE]: Timed out receiving message from renderer: 0.100
[1583746802.769][SEVERE]: Timed out receiving message from renderer: 0.100
[1583746802.873][SEVERE]: Timed out receiving message from renderer: 0.100
[1583746802.980][SEVERE]: Timed out receiving message from renderer: 0.100
[1583746803.089][SEVERE]: Timed out receiving message from renderer: 0.100
[1583746803.355][SEVERE]: Timed out receiving message from renderer: 0.100
[1583746823.186][SEVERE]: Timed out receiving message from renderer: 0.100
[1583746823.302][SEVERE]: Timed out receiving message from renderer: 0.100
[1583746823.434][SEVERE]: Timed out receiving message from renderer: 0.100
[1583746823.539][SEVERE]: Timed out receiving message from renderer: 0.100
[1583746823.658][SEVERE]: Timed out receiving message from renderer: 0.100
[1583746823.803][SEVERE]: Timed out receiving message from renderer: 0.100
[1583746823.930][SEVERE]: Timed out receiving message from renderer: 0.100
[1583746824.045][SEVERE]: Timed out receiving message from renderer: 0.100
[1583746824.166][SEVERE]: Timed out receiving message from renderer: 0.100
[1583746824.282][SEVERE]: Timed out receiving message from renderer: 0.100
[1583746824.406][SEVERE]: Timed out receiving message from renderer: 0.100
[1583746824.510][SEVERE]: Timed out receiving message from renderer: 0.100
[1583746824.627][SEVERE]: Timed out receiving message from renderer: 0.100
[1583746824.742][SEVERE]: Timed out receiving message from renderer: 0.100
[1583746824.846][SEVERE]: Timed out receiving message from renderer: 0.100
[1583746824.951][SEVERE]: Timed out receiving message from renderer: 0.100
[1583746829.086][SEVERE]: Timed out receiving message from renderer: 0.100
[1583746829.192][SEVERE]: Timed out receiving message from renderer: 0.100
[1583746829.342][SEVERE]: Timed out receiving message from renderer: 0.100
[1583746829.669][SEVERE]: Timed out receiving message from renderer: 0.100
[1583746829.811][SEVERE]: Timed out receiving message from renderer: 0.100
[1583746830.330][SEVERE]: Timed out receiving message from renderer: 0.100
[1583746830.434][SEVERE]: Timed out receiving message from renderer: 0.100
[1583746830.560][SEVERE]: Timed out receiving message from renderer: 0.100
[1583746830.666][SEVERE]: Timed out receiving message from renderer: 0.100
[1583746830.783][SEVERE]: Timed out receiving message from renderer: 0.100
[1583746830.890][SEVERE]: Timed out receiving message from renderer: 0.100
[1583746831.002][SEVERE]: Timed out receiving message from renderer: 0.100
[1583746847.719][SEVERE]: Timed out receiving message from renderer: 0.100
[1583746847.826][SEVERE]: Timed out receiving message from renderer: 0.100
[1583746847.930][SEVERE]: Timed out receiving message from renderer: 0.100
[1583746848.046][SEVERE]: Timed out receiving message from renderer: 0.100
[1583746848.153][SEVERE]: Timed out receiving message from renderer: 0.100
[1583746848.262][SEVERE]: Timed out receiving message from renderer: 0.100
[1583746848.366][SEVERE]: Timed out receiving message from renderer: 0.100
[1583746848.470][SEVERE]: Timed out receiving message from renderer: 0.100
[1583746848.574][SEVERE]: Timed out receiving message from renderer: 0.100
[1583746848.680][SEVERE]: Timed out receiving message from renderer: 0.100
[1583746848.788][SEVERE]: Timed out receiving message from renderer: 0.100
[1583746848.904][SEVERE]: Timed out receiving message from renderer: 0.100
[1583746849.009][SEVERE]: Timed out receiving message from renderer: 0.100
[1583746849.168][SEVERE]: Timed out receiving message from renderer: 0.100
[1583746849.272][SEVERE]: Timed out receiving message from renderer: 0.100
[1583746849.382][SEVERE]: Timed out receiving message from renderer: 0.100
[1583746849.488][SEVERE]: Timed out receiving message from renderer: 0.100
[1583746849.632][SEVERE]: Timed out receiving message from renderer: 0.100
[1583746858.390][SEVERE]: Timed out receiving message from renderer: 0.100
[1583746858.942][SEVERE]: Timed out receiving message from renderer: 0.100
[1583746859.988][SEVERE]: Timed out receiving message from renderer: 0.100
[1583746861.261][SEVERE]: Timed out receiving message from renderer: 0.100
Starting ChromeDriver 80.0.3987.106 (f68069574609230cf9b635cd784cfb1bf81bb53a-refs/branch-heads/3987@{#882}) on port 39842
Only local connections are allowed.
Please protect ports used by ChromeDriver and related test frameworks to prevent access by malicious code.
Mar 09, 2020 2:41:28 AM org.openqa.selenium.remote.ProtocolHandshake createSession
INFO: Detected dialect: W3C
[1583746889.834][SEVERE]: Timed out receiving message from renderer: 0.100
[1583746889.951][SEVERE]: Timed out receiving message from renderer: 0.100
[1583746890.220][SEVERE]: Timed out receiving message from renderer: 0.100
[1583746890.800][SEVERE]: Timed out receiving message from renderer: 0.100
[1583746890.904][SEVERE]: Timed out receiving message from renderer: 0.100
[1583746891.011][SEVERE]: Timed out receiving message from renderer: 0.100
[1583746891.116][SEVERE]: Timed out receiving message from renderer: 0.100
[1583746891.220][SEVERE]: Timed out receiving message from renderer: 0.100
[1583746891.324][SEVERE]: Timed out receiving message from renderer: 0.100
[1583746895.973][SEVERE]: Timed out receiving message from renderer: 0.100
[1583746896.206][SEVERE]: Timed out receiving message from renderer: 0.100
[1583746898.947][SEVERE]: Timed out receiving message from renderer: 0.100
[1583746899.072][SEVERE]: Timed out receiving message from renderer: 0.100
[1583746899.294][SEVERE]: Timed out receiving message from renderer: 0.100
[1583746899.399][SEVERE]: Timed out receiving message from renderer: 0.100
[1583746899.503][SEVERE]: Timed out receiving message from renderer: 0.100
[1583746899.640][SEVERE]: Timed out receiving message from renderer: 0.100
[1583746899.804][SEVERE]: Timed out receiving message from renderer: 0.100
[1583746899.908][SEVERE]: Timed out receiving message from renderer: 0.100
[1583746900.023][SEVERE]: Timed out receiving message from renderer: 0.100
[1583746900.143][SEVERE]: Timed out receiving message from renderer: 0.100
[1583746900.251][SEVERE]: Timed out receiving message from renderer: 0.100
[1583746900.359][SEVERE]: Timed out receiving message from renderer: 0.100
[1583746900.464][SEVERE]: Timed out receiving message from renderer: 0.100
[1583746900.567][SEVERE]: Timed out receiving message from renderer: 0.100
[1583746900.673][SEVERE]: Timed out receiving message from renderer: 0.100
[1583746900.783][SEVERE]: Timed out receiving message from renderer: 0.100
[1583746902.377][SEVERE]: Timed out receiving message from renderer: 0.100
[1583746902.480][SEVERE]: Timed out receiving message from renderer: 0.100
[1583746902.588][SEVERE]: Timed out receiving message from renderer: 0.100
[1583746902.697][SEVERE]: Timed out receiving message from renderer: 0.100
[1583746902.807][SEVERE]: Timed out receiving message from renderer: 0.100
[1583746903.016][SEVERE]: Timed out receiving message from renderer: 0.100
[1583746903.147][SEVERE]: Timed out receiving message from renderer: 0.100
]]></system-err>
  </testcase>
</testsuite>